# JRE version: OpenJDK Runtime Environment (11.0.6+8) (build 11.0.6+8-b520.43)
# Java VM: OpenJDK 64-Bit Server VM (11.0.6+8-b520.43, mixed mode, tiered, compressed oops, g1 gc, windows-amd64)
Heap:
 garbage-first heap   total 312320K, used 40112K [0x0000000702800000, 0x0000000800000000)
  region size 1024K, 5 young (5120K), 1 survivors (1024K)
 Metaspace       used 65198K, capacity 66633K, committed 66780K, reserved 1107968K
  class space    used 8177K, capacity 8748K, committed 8832K, reserved 1048576K
GC Heap History (20 events):
Event: 122069.212 GC heap before
{Heap before GC invocations=2486 (full 0):
 garbage-first heap   total 312320K, used 223410K [0x0000000702800000, 0x0000000800000000)
  region size 1024K, 183 young (187392K), 1 survivors (1024K)
 Metaspace       used 65198K, capacity 66633K, committed 66780K, reserved 1107968K
  class space    used 8177K, capacity 8748K, committed 8832K, reserved 1048576K
}
Event: 122069.213 GC heap after
{Heap after GC invocations=2487 (full 0):
 garbage-first heap   total 312320K, used 37042K [0x0000000702800000, 0x0000000800000000)
  region size 1024K, 1 young (1024K), 1 survivors (1024K)
 Metaspace       used 65198K, capacity 66633K, committed 66780K, reserved 1107968K
  class space    used 8177K, capacity 8748K, committed 8832K, reserved 1048576K
}
Event: 122084.868 GC heap before
{Heap before GC invocations=2487 (full 0):
 garbage-first heap   total 312320K, used 223410K [0x0000000702800000, 0x0000000800000000)
  region size 1024K, 183 young (187392K), 1 survivors (1024K)
 Metaspace       used 65198K, capacity 66633K, committed 66780K, reserved 1107968K
  class space    used 8177K, capacity 8748K, committed 8832K, reserved 1048576K
}
Event: 122084.870 GC heap after
{Heap after GC invocations=2488 (full 0):
 garbage-first heap   total 312320K, used 37040K [0x0000000702800000, 0x0000000800000000)
  region size 1024K, 1 young (1024K), 1 survivors (1024K)
 Metaspace       used 65198K, capacity 66633K, committed 66780K, reserved 1107968K
  class space    used 8177K, capacity 8748K, committed 8832K, reserved 1048576K
}
Event: 122100.462 GC heap before
{Heap before GC invocations=2488 (full 0):
 garbage-first heap   total 312320K, used 223408K [0x0000000702800000, 0x0000000800000000)
  region size 1024K, 183 young (187392K), 1 survivors (1024K)
 Metaspace       used 65198K, capacity 66633K, committed 66780K, reserved 1107968K
  class space    used 8177K, capacity 8748K, committed 8832K, reserved 1048576K
}
Event: 122100.463 GC heap after
{Heap after GC invocations=2489 (full 0):
 garbage-first heap   total 312320K, used 37038K [0x0000000702800000, 0x0000000800000000)
  region size 1024K, 1 young (1024K), 1 survivors (1024K)
 Metaspace       used 65198K, capacity 66633K, committed 66780K, reserved 1107968K
  class space    used 8177K, capacity 8748K, committed 8832K, reserved 1048576K
}
Event: 122116.060 GC heap before
{Heap before GC invocations=2489 (full 0):
 garbage-first heap   total 312320K, used 223406K [0x0000000702800000, 0x0000000800000000)
  region size 1024K, 183 young (187392K), 1 survivors (1024K)
 Metaspace       used 65198K, capacity 66633K, committed 66780K, reserved 1107968K
  class space    used 8177K, capacity 8748K, committed 8832K, reserved 1048576K
}
Event: 122116.061 GC heap after
{Heap after GC invocations=2490 (full 0):
 garbage-first heap   total 312320K, used 37042K [0x0000000702800000, 0x0000000800000000)
  region size 1024K, 1 young (1024K), 1 survivors (1024K)
 Metaspace       used 65198K, capacity 66633K, committed 66780K, reserved 1107968K
  class space    used 8177K, capacity 8748K, committed 8832K, reserved 1048576K
}
Event: 122131.445 GC heap before
{Heap before GC invocations=2490 (full 0):
 garbage-first heap   total 312320K, used 223410K [0x0000000702800000, 0x0000000800000000)
  region size 1024K, 183 young (187392K), 1 survivors (1024K)
 Metaspace       used 65198K, capacity 66633K, committed 66780K, reserved 1107968K
  class space    used 8177K, capacity 8748K, committed 8832K, reserved 1048576K
}
Event: 122131.446 GC heap after
{Heap after GC invocations=2491 (full 0):
 garbage-first heap   total 312320K, used 37040K [0x0000000702800000, 0x0000000800000000)
  region size 1024K, 1 young (1024K), 1 survivors (1024K)
 Metaspace       used 65198K, capacity 66633K, committed 66780K, reserved 1107968K
  class space    used 8177K, capacity 8748K, committed 8832K, reserved 1048576K
}
Event: 122146.924 GC heap before
{Heap before GC invocations=2491 (full 0):
 garbage-first heap   total 312320K, used 223408K [0x0000000702800000, 0x0000000800000000)
  region size 1024K, 183 young (187392K), 1 survivors (1024K)
 Metaspace       used 65198K, capacity 66633K, committed 66780K, reserved 1107968K
  class space    used 8177K, capacity 8748K, committed 8832K, reserved 1048576K
}
Event: 122146.925 GC heap after
{Heap after GC invocations=2492 (full 0):
 garbage-first heap   total 312320K, used 37042K [0x0000000702800000, 0x0000000800000000)
  region size 1024K, 1 young (1024K), 1 survivors (1024K)
 Metaspace       used 65198K, capacity 66633K, committed 66780K, reserved 1107968K
  class space    used 8177K, capacity 8748K, committed 8832K, reserved 1048576K
}
Event: 122162.485 GC heap before
{Heap before GC invocations=2492 (full 0):
 garbage-first heap   total 312320K, used 223410K [0x0000000702800000, 0x0000000800000000)
  region size 1024K, 183 young (187392K), 1 survivors (1024K)
 Metaspace       used 65198K, capacity 66633K, committed 66780K, reserved 1107968K
  class space    used 8177K, capacity 8748K, committed 8832K, reserved 1048576K
}
Event: 122162.486 GC heap after
{Heap after GC invocations=2493 (full 0):
 garbage-first heap   total 312320K, used 37042K [0x0000000702800000, 0x0000000800000000)
  region size 1024K, 1 young (1024K), 1 survivors (1024K)
 Metaspace       used 65198K, capacity 66633K, committed 66780K, reserved 1107968K
  class space    used 8177K, capacity 8748K, committed 8832K, reserved 1048576K
}
Event: 122178.148 GC heap before
{Heap before GC invocations=2493 (full 0):
 garbage-first heap   total 312320K, used 223410K [0x0000000702800000, 0x0000000800000000)
  region size 1024K, 183 young (187392K), 1 survivors (1024K)
 Metaspace       used 65198K, capacity 66633K, committed 66780K, reserved 1107968K
  class space    used 8177K, capacity 8748K, committed 8832K, reserved 1048576K
}
Event: 122178.149 GC heap after
{Heap after GC invocations=2494 (full 0):
 garbage-first heap   total 312320K, used 37042K [0x0000000702800000, 0x0000000800000000)
  region size 1024K, 1 young (1024K), 1 survivors (1024K)
 Metaspace       used 65198K, capacity 66633K, committed 66780K, reserved 1107968K
  class space    used 8177K, capacity 8748K, committed 8832K, reserved 1048576K
}
Event: 122194.282 GC heap before
{Heap before GC invocations=2494 (full 0):
 garbage-first heap   total 312320K, used 223410K [0x0000000702800000, 0x0000000800000000)
  region size 1024K, 183 young (187392K), 1 survivors (1024K)
 Metaspace       used 65198K, capacity 66633K, committed 66780K, reserved 1107968K
  class space    used 8177K, capacity 8748K, committed 8832K, reserved 1048576K
}
Event: 122194.283 GC heap after
{Heap after GC invocations=2495 (full 0):
 garbage-first heap   total 312320K, used 37044K [0x0000000702800000, 0x0000000800000000)
  region size 1024K, 1 young (1024K), 1 survivors (1024K)
 Metaspace       used 65198K, capacity 66633K, committed 66780K, reserved 1107968K
  class space    used 8177K, capacity 8748K, committed 8832K, reserved 1048576K
}
Event: 123835.342 GC heap before
{Heap before GC invocations=2495 (full 0):
 garbage-first heap   total 312320K, used 223412K [0x0000000702800000, 0x0000000800000000)
  region size 1024K, 183 young (187392K), 1 survivors (1024K)
 Metaspace       used 65198K, capacity 66633K, committed 66780K, reserved 1107968K
  class space    used 8177K, capacity 8748K, committed 8832K, reserved 1048576K
}
Event: 123835.343 GC heap after
{Heap after GC invocations=2496 (full 0):
 garbage-first heap   total 312320K, used 37040K [0x0000000702800000, 0x0000000800000000)
  region size 1024K, 1 young (1024K), 1 survivors (1024K)
 Metaspace       used 65198K, capacity 66633K, committed 66780K, reserved 1107968K
  class space    used 8177K, capacity 8748K, committed 8832K, reserved 1048576K
}

